SF:lib\services\get_geojson_data.dart
DA:20,1
DA:21,0
DA:27,1
DA:30,1
DA:31,1
DA:32,2
DA:36,2
DA:37,2
DA:41,2
DA:42,2
DA:44,2
DA:48,0
DA:49,0
DA:50,0
DA:51,0
DA:54,0
DA:55,0
DA:56,0
DA:57,0
DA:58,0
DA:64,1
DA:65,1
DA:68,1
DA:69,1
DA:72,1
DA:73,1
LF:26
LH:16
end_of_record
SF:lib\services\building_info_api.dart
DA:25,3
DA:27,1
DA:39,2
DA:40,3
DA:43,2
DA:44,1
DA:45,2
DA:48,2
DA:50,3
DA:51,1
DA:54,3
DA:56,2
DA:57,1
DA:58,2
DA:61,2
DA:62,0
DA:63,0
DA:66,2
DA:67,1
DA:70,3
DA:71,3
DA:73,2
DA:76,1
DA:78,1
DA:79,1
DA:80,1
DA:81,2
DA:82,1
DA:86,2
DA:87,1
DA:96,3
DA:98,1
DA:100,2
LF:33
LH:31
end_of_record
SF:lib\services\google_route_service.dart
DA:34,1
DA:38,0
DA:39,2
DA:40,0
DA:52,1
DA:58,1
DA:59,1
DA:60,1
DA:72,1
DA:78,1
DA:79,1
DA:86,2
DA:87,1
DA:96,1
DA:113,1
DA:121,1
DA:122,2
DA:123,2
DA:125,1
DA:128,1
DA:131,0
DA:132,0
DA:133,0
DA:134,0
DA:137,4
DA:139,2
DA:140,2
DA:141,3
DA:142,3
DA:145,2
DA:146,0
DA:147,0
DA:151,1
DA:152,2
DA:153,2
DA:154,3
DA:155,3
DA:156,1
DA:157,3
DA:158,0
DA:161,2
DA:163,2
DA:182,1
DA:183,1
DA:184,0
DA:187,3
DA:188,1
DA:191,2
DA:192,3
DA:193,1
DA:204,1
DA:209,1
DA:210,1
DA:215,2
DA:218,0
DA:223,1
DA:224,2
DA:226,4
DA:227,3
DA:230,2
DA:231,1
DA:232,1
DA:236,2
DA:237,2
DA:241,1
DA:244,0
DA:250,1
DA:251,1
DA:253,2
DA:254,2
DA:255,3
DA:256,3
DA:257,1
DA:259,1
DA:260,1
DA:262,1
DA:263,4
DA:265,5
DA:272,1
DA:273,1
DA:274,1
DA:276,1
DA:279,1
DA:282,3
DA:283,3
DA:284,1
DA:285,1
DA:286,5
DA:287,1
DA:292,3
DA:293,3
DA:294,1
DA:295,1
DA:296,5
DA:297,1
DA:299,4
DA:305,1
DA:307,2
DA:308,2
DA:309,4
LF:100
LH:88
end_of_record
SF:lib\utils\location_service.dart
DA:20,2
DA:22,0
DA:23,0
DA:27,1
DA:28,3
DA:29,3
DA:31,3
DA:32,3
DA:34,2
DA:35,3
DA:36,3
DA:39,2
DA:40,1
DA:44,2
DA:45,2
DA:47,1
DA:52,3
DA:56,1
DA:57,2
DA:65,1
DA:66,3
DA:74,1
DA:75,2
DA:83,1
DA:84,3
DA:92,1
DA:93,1
DA:97,1
DA:98,1
DA:99,1
DA:101,1
DA:108,1
DA:109,2
DA:110,2
DA:111,2
DA:112,1
DA:117,1
DA:118,1
DA:120,1
DA:121,1
DA:123,1
DA:128,1
DA:129,2
DA:133,0
DA:134,0
DA:135,0
DA:137,0
LF:47
LH:41
end_of_record
SF:lib\services\http_service.dart
DA:6,2
DA:8,0
DA:10,0
DA:11,0
LF:4
LH:1
end_of_record
SF:lib\services\interfaces\route_service_interface.dart
DA:26,3
DA:42,3
LF:2
LH:2
end_of_record
SF:lib\utils\permission_not_enabled_exception.dart
DA:6,1
DA:9,0
DA:10,0
LF:3
LH:1
end_of_record
SF:lib\main.dart
DA:20,0
DA:21,0
DA:22,0
DA:35,13
DA:37,1
DA:40,2
DA:41,2
DA:43,1
DA:45,1
DA:46,1
DA:70,1
DA:77,1
DA:78,1
DA:94,1
DA:96,1
DA:97,2
DA:98,3
DA:99,3
DA:100,3
DA:103,1
DA:105,1
DA:108,1
DA:109,2
DA:110,1
DA:117,0
DA:118,0
DA:119,0
DA:123,0
DA:124,0
DA:125,0
DA:126,0
DA:130,1
DA:132,1
DA:133,1
DA:134,1
DA:136,0
DA:138,2
DA:139,3
DA:140,1
DA:141,1
DA:143,0
DA:147,1
DA:148,1
DA:149,1
DA:151,1
DA:152,1
DA:153,1
DA:154,1
DA:155,1
DA:159,1
DA:160,1
DA:163,1
DA:164,1
DA:165,1
DA:166,1
DA:167,2
DA:168,3
DA:169,1
DA:170,1
DA:176,1
DA:180,1
DA:181,1
DA:182,0
DA:183,1
DA:187,1
DA:190,2
DA:197,1
DA:200,1
DA:201,1
DA:212,1
DA:213,1
DA:214,1
LF:72
LH:59
end_of_record
SF:lib\screens\waypoint\waypoint_selection_screens.dart
DA:20,13
DA:22,1
DA:23,1
DA:42,1
DA:44,1
DA:46,2
DA:47,1
DA:49,2
DA:50,0
DA:51,0
DA:55,0
DA:61,0
DA:69,0
DA:70,0
DA:71,0
DA:77,0
DA:78,0
DA:79,0
DA:80,0
DA:85,0
DA:86,0
DA:89,0
DA:93,0
DA:96,0
DA:101,0
DA:102,0
DA:107,0
DA:108,0
DA:111,0
DA:112,0
DA:113,0
DA:114,0
DA:115,0
DA:116,0
DA:117,0
DA:118,0
DA:121,0
DA:122,0
DA:125,0
DA:126,0
DA:129,0
DA:130,0
DA:131,0
DA:134,0
DA:135,0
DA:142,0
DA:145,0
DA:146,0
DA:148,0
DA:153,0
DA:155,0
DA:156,0
DA:157,0
DA:158,0
DA:159,0
DA:160,0
DA:161,0
DA:162,0
DA:164,0
DA:168,0
DA:170,0
DA:172,0
DA:174,0
DA:176,0
DA:184,0
DA:185,0
DA:186,0
DA:187,0
DA:189,0
DA:190,0
DA:191,0
DA:196,0
DA:197,0
DA:198,0
DA:200,0
DA:201,0
DA:202,0
DA:203,0
DA:206,0
DA:212,0
DA:214,0
DA:216,0
DA:223,0
DA:225,0
DA:229,0
DA:230,0
DA:231,0
DA:233,0
DA:234,0
DA:235,0
DA:236,0
DA:237,0
DA:238,0
DA:239,0
DA:240,0
DA:241,0
DA:242,0
DA:243,0
DA:244,0
DA:245,0
DA:247,0
DA:255,0
DA:256,0
DA:257,0
DA:258,0
DA:259,0
LF:106
LH:8
end_of_record
SF:lib\widgets\nav_bar.dart
DA:7,2
DA:13,2
DA:15,2
DA:16,2
DA:17,2
LF:5
LH:5
end_of_record
SF:lib\widgets\search_bar.dart
DA:15,2
DA:17,2
DA:18,2
DA:25,2
DA:27,2
DA:28,5
DA:29,2
DA:30,3
DA:35,2
DA:37,4
DA:38,2
DA:41,2
DA:43,2
DA:44,2
DA:45,2
DA:47,2
DA:49,2
DA:50,1
DA:51,2
DA:52,2
DA:53,1
DA:54,2
DA:56,2
DA:60,2
DA:63,2
DA:66,2
DA:68,2
DA:69,2
DA:70,2
DA:72,2
DA:78,2
DA:79,2
DA:80,2
DA:83,2
DA:85,3
DA:87,1
DA:88,1
DA:91,1
DA:92,1
DA:93,1
DA:94,2
DA:95,2
DA:96,1
DA:98,1
DA:99,1
LF:45
LH:45
end_of_record
SF:lib\styles\theme.dart
DA:3,3
LF:1
LH:1
end_of_record
SF:lib\widgets\campus_switch_button.dart
DA:10,2
DA:17,2
DA:18,2
DA:37,2
DA:39,2
DA:40,6
DA:43,2
DA:45,2
DA:46,2
DA:49,2
DA:50,2
DA:51,2
DA:53,2
DA:55,2
DA:56,2
DA:57,1
DA:58,2
DA:59,1
DA:61,3
DA:62,5
DA:67,2
LF:21
LH:21
end_of_record
SF:lib\widgets\indoor_navigation_button.dart
DA:5,13
DA:7,2
DA:8,2
DA:12,2
DA:14,2
DA:15,2
DA:16,4
DA:17,2
DA:18,2
DA:19,2
DA:20,2
LF:11
LH:11
end_of_record
SF:lib\widgets\outdoor_map.dart
DA:33,2
DA:41,2
DA:42,2
DA:78,2
DA:80,2
DA:81,4
DA:82,4
DA:83,4
DA:84,0
DA:85,0
DA:86,0
DA:87,0
DA:88,0
DA:89,0
DA:92,2
DA:93,4
DA:95,2
DA:96,2
DA:98,6
DA:99,4
DA:100,16
DA:101,2
DA:105,2
DA:107,2
DA:108,8
DA:109,4
DA:110,3
DA:111,1
DA:116,2
DA:118,2
DA:119,2
DA:120,0
DA:121,0
DA:123,4
DA:124,2
DA:127,0
DA:132,2
DA:134,4
DA:135,4
DA:136,2
DA:139,0
DA:146,2
DA:147,10
DA:149,4
DA:151,2
DA:152,1
DA:153,1
DA:154,2
DA:159,4
DA:160,4
DA:161,4
DA:162,4
DA:167,2
DA:169,2
DA:172,2
DA:173,2
DA:174,2
DA:175,2
DA:176,2
DA:177,4
DA:181,2
DA:186,2
DA:187,2
DA:190,6
DA:192,2
DA:193,2
DA:195,2
DA:196,2
DA:197,2
DA:212,0
DA:213,0
DA:214,0
DA:215,0
DA:217,0
DA:219,0
DA:220,0
DA:240,1
DA:249,1
DA:251,1
DA:253,1
DA:256,1
DA:259,1
DA:260,1
DA:261,1
DA:262,1
DA:263,1
DA:264,1
LF:87
LH:70
end_of_record
SF:lib\providers\service_providers.dart
DA:9,0
DA:10,0
DA:14,0
DA:15,0
DA:16,0
DA:20,3
DA:21,0
DA:27,3
DA:28,0
DA:29,0
DA:31,0
LF:11
LH:2
end_of_record
SF:lib\widgets\location_transport_selector.dart
DA:13,1
DA:15,1
DA:17,1
DA:28,1
DA:30,1
DA:34,1
DA:35,1
DA:39,1
DA:40,1
DA:41,1
DA:45,1
DA:47,1
DA:48,1
DA:49,1
DA:52,1
DA:53,1
DA:63,1
DA:64,1
DA:65,1
DA:66,1
DA:68,1
DA:72,1
DA:74,1
DA:75,1
DA:76,0
DA:77,0
DA:78,0
DA:84,0
DA:85,0
DA:89,1
DA:92,1
DA:93,1
DA:99,1
DA:100,1
DA:101,1
DA:102,1
DA:106,1
DA:107,1
DA:108,1
DA:110,0
DA:111,0
DA:112,0
DA:115,1
DA:116,2
DA:117,1
DA:119,1
DA:121,1
DA:158,1
DA:159,3
DA:160,3
DA:167,0
DA:168,0
DA:170,0
DA:173,1
DA:174,2
DA:175,1
DA:177,0
DA:178,0
DA:179,0
DA:180,0
DA:182,1
DA:183,1
DA:184,1
DA:186,1
DA:188,1
DA:189,1
DA:190,1
DA:191,1
DA:193,1
DA:196,1
DA:197,1
DA:200,1
DA:201,1
DA:202,0
DA:204,0
DA:205,0
DA:207,0
DA:208,0
DA:210,0
DA:211,0
DA:219,1
DA:227,1
DA:228,1
DA:229,1
DA:230,1
DA:231,1
DA:232,0
DA:233,0
DA:234,0
DA:235,0
DA:237,0
DA:238,0
DA:239,0
DA:240,0
DA:241,0
DA:242,0
DA:253,0
DA:254,0
DA:255,0
DA:257,0
DA:258,0
DA:260,0
DA:264,1
DA:265,1
DA:267,1
DA:268,1
DA:269,1
DA:270,1
DA:271,1
DA:276,1
DA:278,1
DA:279,1
DA:280,2
DA:281,1
DA:285,2
DA:286,0
DA:289,3
DA:290,0
DA:293,1
DA:294,1
DA:295,1
DA:297,2
DA:301,1
DA:303,1
DA:306,2
LF:125
LH:85
end_of_record
SF:lib\widgets\route_card.dart
DA:17,0
DA:28,0
DA:30,0
DA:31,0
DA:33,0
DA:37,0
DA:38,0
DA:42,0
DA:45,0
DA:46,0
DA:48,0
DA:49,0
DA:50,0
DA:51,0
DA:57,0
DA:62,0
DA:66,0
DA:70,0
DA:72,0
DA:74,0
DA:75,0
DA:77,0
DA:78,0
DA:80,0
DA:82,0
LF:25
LH:0
end_of_record
SF:lib\services\building_to_coordinates.dart
DA:20,0
DA:23,0
DA:24,0
DA:25,0
DA:36,0
DA:37,0
DA:43,0
DA:48,0
DA:49,0
DA:50,0
DA:53,0
DA:55,0
DA:56,0
DA:57,0
DA:58,0
DA:59,0
DA:61,0
DA:65,0
DA:69,0
LF:19
LH:0
end_of_record
SF:lib\services\map_service.dart
DA:29,2
DA:31,2
DA:32,2
DA:33,2
DA:35,2
DA:37,0
DA:38,0
DA:42,2
DA:44,2
DA:46,4
DA:47,4
DA:48,2
DA:49,2
DA:51,8
DA:52,4
DA:53,4
DA:54,2
DA:55,2
DA:57,2
DA:58,2
DA:59,2
DA:62,2
DA:63,0
DA:64,0
DA:65,0
DA:78,2
DA:80,2
DA:81,2
DA:82,2
DA:84,2
DA:86,0
DA:87,0
DA:91,2
DA:92,2
DA:94,4
DA:95,4
DA:96,2
DA:98,4
DA:99,4
DA:100,4
DA:101,2
DA:102,10
DA:103,2
DA:105,2
DA:106,6
DA:107,0
DA:110,2
DA:111,2
LF:48
LH:40
end_of_record
SF:lib\utils\marker_tap_handler.dart
DA:31,3
DA:36,1
DA:45,1
DA:49,1
DA:51,2
DA:53,3
DA:55,1
DA:57,1
DA:58,1
DA:59,2
DA:60,1
DA:61,2
DA:63,2
DA:64,1
DA:65,1
DA:67,2
DA:72,0
DA:73,0
DA:74,0
DA:84,1
DA:88,1
DA:89,0
LF:22
LH:18
end_of_record
SF:lib\widgets\building_information_popup.dart
DA:27,2
DA:34,2
DA:35,4
DA:36,3
DA:42,2
DA:44,4
DA:45,4
DA:47,2
DA:49,2
DA:51,2
DA:52,2
DA:54,2
DA:55,2
DA:56,2
DA:57,2
DA:61,2
DA:69,0
DA:70,0
DA:78,1
DA:85,2
DA:91,2
DA:92,2
DA:98,2
DA:101,2
DA:102,0
DA:103,0
DA:105,2
DA:107,2
DA:108,2
LF:29
LH:25
end_of_record
SF:lib\widgets\suggestions.dart
DA:8,2
DA:10,2
DA:11,2
DA:27,2
DA:29,2
DA:30,4
DA:36,0
DA:37,0
DA:38,0
DA:39,0
DA:40,0
DA:41,0
DA:45,2
DA:47,0
DA:48,2
DA:49,2
DA:51,0
DA:53,2
DA:54,2
DA:57,0
DA:59,0
DA:60,0
DA:61,2
DA:62,4
DA:64,0
DA:66,0
DA:67,0
DA:68,0
DA:70,0
DA:71,0
DA:72,0
DA:73,0
DA:75,0
DA:77,0
DA:79,0
DA:81,0
DA:82,0
DA:88,0
DA:89,0
DA:91,0
DA:92,0
DA:93,0
DA:94,0
DA:95,0
DA:96,0
DA:97,0
DA:103,0
DA:104,0
DA:105,0
DA:106,0
DA:107,0
LF:51
LH:13
end_of_record
