SF:lib\providers\service_providers.dart
DA:11,4
DA:12,1
DA:16,7
DA:17,2
DA:18,1
DA:22,7
DA:23,1
DA:29,3
DA:30,0
DA:31,0
DA:33,0
DA:39,3
DA:40,0
DA:41,0
DA:43,0
LF:15
LH:9
end_of_record
SF:lib\utils\location_service.dart
DA:15,2
DA:17,4
DA:22,2
DA:23,2
DA:32,4
DA:45,1
DA:46,2
DA:50,3
DA:51,8
DA:52,6
DA:54,6
DA:55,6
DA:57,4
DA:58,6
DA:59,6
DA:62,4
DA:63,2
DA:67,4
DA:68,2
DA:70,1
DA:75,6
DA:79,1
DA:80,2
DA:88,1
DA:89,3
DA:97,1
DA:98,2
DA:106,1
DA:107,3
DA:115,1
DA:116,1
DA:120,2
DA:121,2
DA:122,2
DA:124,2
DA:131,2
DA:132,3
DA:133,4
DA:134,2
DA:135,1
DA:140,3
DA:141,3
DA:143,2
DA:144,2
DA:146,2
DA:151,1
DA:152,2
DA:157,1
DA:158,1
DA:159,2
DA:160,2
DA:163,1
DA:164,1
DA:165,1
DA:166,2
DA:167,2
DA:169,1
DA:170,1
DA:171,1
DA:172,2
DA:173,2
DA:176,1
DA:180,2
DA:186,1
DA:187,1
DA:188,1
DA:190,3
LF:67
LH:67
end_of_record
SF:lib\services\http_service.dart
DA:6,2
DA:8,0
DA:10,0
DA:11,0
LF:4
LH:1
end_of_record
SF:lib\services\map_service.dart
DA:29,3
DA:31,3
DA:32,3
DA:33,3
DA:35,3
DA:37,0
DA:38,0
DA:42,3
DA:44,3
DA:46,6
DA:47,6
DA:48,3
DA:49,3
DA:51,12
DA:52,6
DA:53,6
DA:54,3
DA:55,3
DA:57,3
DA:58,3
DA:59,3
DA:62,3
DA:63,0
DA:64,0
DA:65,0
DA:78,2
DA:80,2
DA:81,2
DA:82,2
DA:84,2
DA:86,0
DA:87,0
DA:91,2
DA:92,2
DA:94,4
DA:95,4
DA:96,2
DA:98,4
DA:99,4
DA:100,4
DA:101,2
DA:102,10
DA:103,2
DA:105,2
DA:106,6
DA:107,0
DA:110,2
DA:111,2
DA:125,0
DA:127,0
DA:128,0
DA:129,0
DA:131,0
DA:132,0
DA:133,0
DA:135,0
DA:136,0
DA:137,0
DA:138,0
DA:139,0
DA:140,0
DA:145,0
DA:149,0
DA:151,0
DA:153,0
DA:154,0
DA:155,0
DA:157,0
DA:158,0
DA:159,0
DA:161,0
DA:162,0
DA:165,0
DA:167,0
DA:168,0
LF:75
LH:40
end_of_record
SF:lib\widgets\search_bar.dart
DA:16,2
DA:18,2
DA:19,2
DA:28,2
DA:30,2
DA:31,5
DA:32,2
DA:33,3
DA:38,2
DA:40,4
DA:41,2
DA:44,0
DA:45,0
DA:46,0
DA:48,0
DA:49,0
DA:51,0
DA:58,0
DA:59,0
DA:60,0
DA:61,0
DA:62,0
DA:65,0
DA:66,0
DA:71,2
DA:73,2
DA:75,2
DA:77,2
DA:80,2
DA:81,2
DA:82,1
DA:83,2
DA:84,2
DA:85,1
DA:86,2
DA:88,2
DA:92,2
DA:95,2
DA:98,2
DA:100,2
DA:101,2
DA:102,2
DA:103,2
DA:109,2
DA:110,2
DA:112,3
DA:114,1
DA:115,1
DA:116,1
DA:117,2
DA:118,1
DA:119,1
DA:137,4
DA:138,0
DA:142,0
DA:144,0
DA:145,0
DA:146,0
DA:147,0
DA:153,0
DA:155,0
DA:156,0
DA:157,0
DA:158,0
DA:159,0
DA:160,0
DA:161,0
DA:162,0
DA:163,0
DA:166,0
DA:167,0
DA:168,0
DA:169,0
DA:173,0
DA:175,0
LF:75
LH:40
end_of_record
SF:lib\main.dart
DA:20,0
DA:21,0
DA:22,0
DA:35,17
DA:37,1
DA:40,2
DA:41,2
DA:43,1
DA:45,1
DA:46,1
DA:70,1
DA:77,1
DA:78,1
DA:94,1
DA:96,1
DA:97,2
DA:98,3
DA:99,3
DA:100,3
DA:103,1
DA:105,1
DA:108,1
DA:109,2
DA:110,1
DA:117,0
DA:118,0
DA:119,0
DA:123,0
DA:125,0
DA:126,0
DA:127,0
DA:129,0
DA:130,0
DA:131,0
DA:132,0
DA:140,1
DA:142,1
DA:143,1
DA:144,1
DA:146,0
DA:148,2
DA:149,3
DA:150,1
DA:151,1
DA:153,0
DA:157,1
DA:158,1
DA:159,1
DA:161,1
DA:162,1
DA:163,1
DA:164,1
DA:165,1
DA:169,1
DA:170,1
DA:173,1
DA:174,1
DA:175,1
DA:176,1
DA:177,2
DA:178,3
DA:179,1
DA:180,1
DA:186,1
DA:190,1
DA:191,1
DA:192,0
DA:193,1
DA:197,1
DA:200,1
DA:201,1
DA:202,1
DA:210,1
DA:213,1
DA:214,1
DA:225,1
DA:226,1
DA:227,1
LF:78
LH:61
end_of_record
SF:lib\screens\waypoint\waypoint_selection_screens.dart
DA:24,1
DA:31,1
DA:32,1
DA:54,1
DA:56,1
DA:57,3
DA:58,3
DA:59,3
DA:62,1
DA:64,2
DA:65,3
DA:73,1
DA:74,3
DA:77,1
DA:78,2
DA:79,3
DA:80,2
DA:82,2
DA:83,3
DA:84,1
DA:85,1
DA:86,1
DA:87,4
DA:95,2
DA:96,1
DA:97,1
DA:101,2
DA:102,1
DA:103,1
DA:104,1
DA:105,1
DA:111,3
DA:113,3
DA:116,1
DA:120,2
DA:125,1
DA:126,1
DA:127,2
DA:128,1
DA:132,1
DA:134,2
DA:137,2
DA:138,3
DA:140,3
DA:141,1
DA:143,2
DA:144,1
DA:148,1
DA:149,1
DA:150,1
DA:151,4
DA:157,2
DA:158,1
DA:159,5
DA:161,1
DA:162,2
DA:163,1
DA:164,3
DA:167,1
DA:170,3
DA:171,3
DA:176,0
DA:177,0
DA:178,0
DA:179,0
DA:184,1
DA:185,2
DA:186,2
DA:190,1
DA:192,1
DA:194,1
DA:201,1
DA:203,0
DA:207,1
DA:208,1
DA:209,1
DA:210,2
DA:211,1
DA:212,1
DA:215,1
DA:216,1
DA:217,3
DA:219,2
DA:220,1
DA:221,2
DA:222,1
DA:223,1
DA:224,1
DA:225,1
DA:226,1
DA:227,1
DA:228,1
DA:229,0
DA:231,0
DA:239,1
DA:240,1
DA:241,0
DA:242,0
DA:243,0
LF:99
LH:89
end_of_record
SF:lib\widgets\nav_bar.dart
DA:7,3
DA:13,3
DA:15,3
DA:16,3
DA:17,3
LF:5
LH:5
end_of_record
SF:lib\styles\theme.dart
DA:3,3
LF:1
LH:1
end_of_record
SF:lib\widgets\campus_switch_button.dart
DA:11,2
DA:17,4
DA:21,2
DA:22,2
DA:41,2
DA:43,2
DA:44,6
DA:45,2
DA:49,2
DA:51,2
DA:55,2
DA:58,0
DA:59,0
DA:64,0
DA:65,0
DA:66,0
DA:67,0
DA:71,2
DA:74,1
DA:75,1
DA:80,2
DA:82,2
DA:83,2
DA:86,2
DA:87,2
DA:88,2
DA:90,2
DA:92,2
DA:93,2
DA:94,1
DA:95,2
DA:96,1
DA:98,3
DA:99,5
DA:104,2
LF:35
LH:29
end_of_record
SF:lib\widgets\indoor_navigation_button.dart
DA:5,17
DA:7,2
DA:8,2
DA:12,2
DA:14,2
DA:15,2
DA:16,4
DA:17,2
DA:18,2
DA:19,2
DA:20,2
LF:11
LH:11
end_of_record
SF:lib\widgets\outdoor_map.dart
DA:33,2
DA:41,2
DA:42,2
DA:78,2
DA:80,2
DA:81,4
DA:82,4
DA:83,4
DA:84,0
DA:85,0
DA:86,0
DA:87,0
DA:88,0
DA:89,0
DA:92,2
DA:93,4
DA:95,2
DA:96,2
DA:98,6
DA:99,4
DA:100,16
DA:101,2
DA:105,2
DA:107,2
DA:108,8
DA:109,4
DA:110,3
DA:111,1
DA:116,2
DA:118,2
DA:119,2
DA:120,0
DA:121,0
DA:123,4
DA:124,2
DA:127,0
DA:132,2
DA:134,4
DA:135,4
DA:136,2
DA:139,0
DA:146,2
DA:147,10
DA:149,4
DA:151,2
DA:152,1
DA:153,1
DA:154,2
DA:159,4
DA:160,4
DA:161,4
DA:162,4
DA:167,2
DA:169,2
DA:172,2
DA:173,2
DA:174,2
DA:175,2
DA:176,2
DA:177,4
DA:181,2
DA:186,2
DA:187,2
DA:190,6
DA:192,2
DA:193,2
DA:195,2
DA:196,2
DA:197,2
DA:212,0
DA:213,0
DA:214,0
DA:215,0
DA:217,0
DA:219,0
DA:220,0
DA:240,1
DA:249,1
DA:251,1
DA:253,1
DA:256,1
DA:259,1
DA:260,1
DA:261,1
DA:262,1
DA:263,1
DA:264,1
LF:87
LH:70
end_of_record
SF:lib\services\interfaces\route_service_interface.dart
DA:26,4
DA:42,4
LF:2
LH:2
end_of_record
SF:lib\services\building_info_api.dart
DA:25,3
DA:27,1
DA:39,2
DA:40,3
DA:43,2
DA:44,1
DA:45,2
DA:48,2
DA:50,3
DA:51,1
DA:54,3
DA:56,2
DA:57,1
DA:58,2
DA:61,2
DA:62,0
DA:63,0
DA:66,2
DA:67,1
DA:70,3
DA:71,3
DA:73,2
DA:76,1
DA:78,1
DA:79,1
DA:80,1
DA:81,2
DA:82,1
DA:86,2
DA:87,1
DA:96,3
DA:98,1
DA:100,2
LF:33
LH:31
end_of_record
SF:lib\services\google_route_service.dart
DA:34,1
DA:38,0
DA:39,2
DA:40,0
DA:52,1
DA:58,1
DA:59,1
DA:60,1
DA:72,1
DA:78,1
DA:79,1
DA:86,2
DA:87,1
DA:96,1
DA:113,1
DA:121,1
DA:122,2
DA:123,2
DA:125,1
DA:128,1
DA:131,0
DA:132,0
DA:133,0
DA:134,0
DA:137,4
DA:139,2
DA:140,2
DA:141,3
DA:142,3
DA:145,2
DA:146,0
DA:147,0
DA:151,1
DA:152,2
DA:153,2
DA:154,3
DA:155,3
DA:156,1
DA:157,3
DA:158,0
DA:161,2
DA:163,2
DA:182,1
DA:183,1
DA:184,0
DA:187,3
DA:188,1
DA:191,2
DA:192,3
DA:193,1
DA:204,1
DA:209,1
DA:210,1
DA:215,2
DA:218,0
DA:222,1
DA:223,2
DA:225,4
DA:226,3
DA:228,2
DA:229,1
DA:230,1
DA:234,2
DA:235,2
DA:239,1
DA:242,0
DA:247,1
DA:248,1
DA:250,2
DA:251,2
DA:252,3
DA:253,3
DA:254,1
DA:255,2
DA:256,1
DA:257,4
DA:259,5
DA:266,1
DA:267,1
DA:268,1
DA:270,1
DA:273,1
DA:276,3
DA:277,3
DA:278,1
DA:279,1
DA:280,5
DA:281,1
DA:286,3
DA:287,3
DA:288,1
DA:289,1
DA:290,5
DA:291,1
DA:293,4
DA:299,1
DA:301,2
DA:302,2
DA:303,4
LF:99
LH:87
end_of_record
SF:lib\services\building_to_coordinates.dart
DA:20,1
DA:23,3
DA:24,2
DA:25,1
DA:36,1
DA:37,1
DA:41,1
DA:45,1
DA:46,1
DA:47,1
DA:50,4
DA:52,2
DA:53,2
DA:54,4
DA:55,4
DA:56,3
DA:58,0
DA:62,0
DA:66,2
LF:19
LH:17
end_of_record
SF:lib\widgets\location_transport_selector.dart
DA:15,2
DA:22,2
DA:24,2
DA:36,2
DA:38,2
DA:39,4
DA:40,0
DA:44,2
DA:46,2
DA:50,2
DA:51,2
DA:55,2
DA:56,2
DA:57,2
DA:60,2
DA:62,2
DA:63,2
DA:64,2
DA:67,2
DA:68,2
DA:78,2
DA:79,2
DA:80,2
DA:81,2
DA:83,2
DA:87,2
DA:89,2
DA:90,2
DA:91,1
DA:92,3
DA:93,3
DA:99,0
DA:100,0
DA:104,2
DA:107,2
DA:108,2
DA:114,2
DA:115,2
DA:116,2
DA:117,2
DA:121,2
DA:122,2
DA:123,2
DA:125,1
DA:126,2
DA:127,1
DA:130,2
DA:131,4
DA:132,2
DA:134,2
DA:136,2
DA:146,1
DA:147,3
DA:148,3
DA:155,0
DA:156,0
DA:158,0
DA:161,2
DA:162,4
DA:163,2
DA:166,2
DA:167,1
DA:168,1
DA:169,1
DA:171,2
DA:172,1
DA:173,1
DA:175,2
DA:177,2
DA:178,2
DA:179,2
DA:180,2
DA:182,2
DA:184,2
DA:185,2
DA:188,2
DA:189,1
DA:191,0
DA:192,0
DA:194,0
DA:195,0
DA:197,0
DA:198,0
DA:203,2
DA:210,1
DA:211,1
DA:212,1
DA:213,1
DA:214,1
DA:215,1
DA:216,3
DA:217,1
DA:218,1
DA:227,1
DA:228,2
DA:230,1
DA:232,1
DA:234,2
DA:238,1
DA:239,2
DA:240,1
DA:241,2
DA:245,1
DA:246,3
DA:247,1
DA:248,2
DA:252,0
DA:253,0
DA:254,0
DA:255,0
DA:256,0
DA:259,0
DA:260,0
DA:262,0
DA:266,2
DA:267,2
DA:269,2
DA:270,2
DA:271,2
DA:272,2
DA:273,2
DA:278,2
DA:280,2
DA:281,1
DA:282,2
DA:283,1
DA:286,2
DA:287,3
DA:290,3
DA:291,0
DA:294,2
DA:295,2
DA:296,2
DA:298,4
DA:302,2
DA:304,2
DA:307,4
LF:137
LH:116
end_of_record
SF:lib\widgets\route_card.dart
DA:17,2
DA:28,2
DA:30,2
DA:31,2
DA:32,2
DA:36,2
DA:37,2
DA:41,2
DA:44,2
DA:45,2
DA:47,2
DA:48,2
DA:49,2
DA:50,2
DA:56,4
DA:61,4
DA:65,4
DA:69,2
DA:71,2
DA:73,2
DA:74,2
DA:76,2
DA:77,6
DA:79,2
DA:81,2
LF:25
LH:25
end_of_record
SF:lib\utils\route_display.dart
DA:6,1
DA:14,2
DA:15,1
DA:17,5
DA:18,2
DA:19,2
DA:21,4
DA:22,1
DA:25,1
DA:27,1
LF:10
LH:10
end_of_record
SF:lib\utils\route_utils.dart
DA:10,1
DA:11,1
DA:12,2
DA:13,4
DA:19,1
DA:20,2
DA:21,1
DA:22,1
DA:24,2
DA:25,1
DA:26,1
DA:31,1
DA:32,1
DA:33,3
DA:35,1
DA:36,4
DA:37,2
DA:38,5
DA:41,3
DA:45,1
DA:47,1
DA:48,1
DA:49,1
DA:50,0
DA:51,1
DA:52,0
DA:53,1
DA:54,1
DA:56,0
DA:61,1
DA:63,1
DA:65,1
DA:67,1
DA:69,1
LF:34
LH:31
end_of_record
SF:lib\utils\permission_not_enabled_exception.dart
DA:6,2
DA:9,1
DA:10,2
LF:3
LH:3
end_of_record
SF:lib\utils\marker_tap_handler.dart
DA:31,3
DA:36,1
DA:45,1
DA:49,1
DA:51,2
DA:53,3
DA:55,1
DA:57,1
DA:58,1
DA:59,2
DA:60,1
DA:61,2
DA:63,2
DA:64,1
DA:65,1
DA:67,2
DA:72,0
DA:73,0
DA:74,0
DA:84,1
DA:88,1
DA:89,0
LF:22
LH:18
end_of_record
SF:lib\widgets\building_information_popup.dart
DA:11,2
DA:18,2
DA:19,4
DA:20,3
DA:26,0
DA:27,0
DA:28,0
DA:29,0
DA:31,0
DA:33,0
DA:35,0
DA:36,0
DA:40,0
DA:46,2
DA:48,4
DA:49,4
DA:51,2
DA:53,2
DA:55,2
DA:56,2
DA:58,2
DA:59,2
DA:60,2
DA:61,2
DA:65,2
DA:73,0
DA:74,0
DA:82,1
DA:89,2
DA:95,2
DA:96,2
DA:102,2
DA:105,2
DA:106,0
DA:107,2
DA:109,2
DA:110,2
LF:37
LH:25
end_of_record
SF:lib\widgets\suggestions.dart
DA:8,2
DA:10,2
DA:11,2
DA:27,2
DA:29,2
DA:30,4
DA:33,2
DA:34,4
DA:35,4
DA:36,4
DA:37,6
DA:38,2
DA:42,2
DA:44,2
DA:45,2
DA:46,2
DA:48,2
DA:50,2
DA:51,2
DA:54,2
DA:56,2
DA:57,2
DA:58,2
DA:59,6
DA:63,0
DA:64,0
DA:65,0
DA:67,0
DA:68,0
DA:69,0
DA:70,0
DA:71,0
DA:73,2
DA:74,2
DA:76,2
DA:78,2
DA:79,2
DA:85,2
DA:86,2
DA:88,4
DA:89,2
DA:90,2
DA:91,6
DA:92,2
DA:93,10
DA:94,2
DA:100,2
DA:101,1
DA:102,3
DA:103,5
DA:104,1
LF:51
LH:43
end_of_record
SF:lib\services\get_geojson_data.dart
DA:20,1
DA:21,0
DA:27,1
DA:30,1
DA:31,1
DA:32,2
DA:36,2
DA:37,2
DA:41,2
DA:42,2
DA:44,2
DA:49,1
DA:50,1
DA:51,1
DA:52,4
DA:53,3
DA:59,1
DA:60,1
DA:63,1
DA:64,1
DA:67,1
DA:68,1
LF:22
LH:21
end_of_record
